<?xml version="1.0" encoding="UTF-8"?>
<testsuite name="com.amazon.ata.recursion.prework.RecursiveCountDownTest" tests="2" skipped="0" failures="0" errors="0" timestamp="2024-08-24T06:07:57" hostname="DESKTOP-2F9TN2V" time="0.049">
  <properties/>
  <testcase name="countDown0_recursiveCountDown_returnsExpected()" classname="com.amazon.ata.recursion.prework.RecursiveCountDownTest" time="0.031"/>
  <testcase name="countDown12_recursiveCountDown_returnsExpected()" classname="com.amazon.ata.recursion.prework.RecursiveCountDownTest" time="0.017"/>
  <system-out><![CDATA[]]></system-out>
  <system-err><![CDATA[]]></system-err>
</testsuite>
